C:\Work\PhotoViewer\PhotoViewer\Debug\cl.command.1.tlog
C:\Work\PhotoViewer\PhotoViewer\Debug\CL.read.1.tlog
C:\Work\PhotoViewer\PhotoViewer\Debug\CL.write.1.tlog
C:\Work\PhotoViewer\PhotoViewer\Debug\custombuild.command.1.tlog
C:\Work\PhotoViewer\PhotoViewer\Debug\custombuild.read.1.tlog
C:\Work\PhotoViewer\PhotoViewer\Debug\custombuild.write.1.tlog
C:\WORK\PHOTOVIEWER\PHOTOVIEWER\DEBUG\FRAMESWIDGET.OBJ
C:\WORK\PHOTOVIEWER\PHOTOVIEWER\DEBUG\IMAGENODE.OBJ
C:\Work\PhotoViewer\PhotoViewer\Debug\link.command.1.tlog
C:\Work\PhotoViewer\PhotoViewer\Debug\link.read.1.tlog
C:\Work\PhotoViewer\PhotoViewer\Debug\link.write.1.tlog
C:\WORK\PHOTOVIEWER\PHOTOVIEWER\DEBUG\MAIN.OBJ
C:\WORK\PHOTOVIEWER\PHOTOVIEWER\DEBUG\MOC_FRAMESWIDGET.OBJ
C:\WORK\PHOTOVIEWER\PHOTOVIEWER\DEBUG\MOC_MODEL.OBJ
C:\WORK\PHOTOVIEWER\PHOTOVIEWER\DEBUG\MOC_PHOTOVIEWER.OBJ
C:\WORK\PHOTOVIEWER\PHOTOVIEWER\DEBUG\MOC_PHOTOWIDGET.OBJ
C:\WORK\PHOTOVIEWER\PHOTOVIEWER\DEBUG\MODEL.OBJ
C:\Work\PhotoViewer\PhotoViewer\Debug\mt.command.1.tlog
C:\Work\PhotoViewer\PhotoViewer\Debug\mt.read.1.tlog
C:\Work\PhotoViewer\PhotoViewer\Debug\mt.write.1.tlog
C:\WORK\PHOTOVIEWER\PHOTOVIEWER\DEBUG\NODE.OBJ
C:\WORK\PHOTOVIEWER\PHOTOVIEWER\DEBUG\PHOTOVIEWER.EXE.INTERMEDIATE.MANIFEST
C:\WORK\PHOTOVIEWER\PHOTOVIEWER\DEBUG\PHOTOVIEWER.OBJ
C:\Work\PhotoViewer\PhotoViewer\Debug\PhotoViewer.vcxprojResolveAssemblyReference.cache
C:\Work\PhotoViewer\PhotoViewer\Debug\PhotoViewer.write.1.tlog
C:\WORK\PHOTOVIEWER\PHOTOVIEWER\DEBUG\PHOTOWIDGET.OBJ
C:\WORK\PHOTOVIEWER\PHOTOVIEWER\DEBUG\QRC_PHOTOVIEWER.OBJ
C:\WORK\PHOTOVIEWER\PHOTOVIEWER\DEBUG\SPACENODE.OBJ
C:\WORK\PHOTOVIEWER\PHOTOVIEWER\DEBUG\VC100.PDB
C:\WORK\PHOTOVIEWER\PHOTOVIEWER\GENERATEDFILES\DEBUG\MOC_FRAMESWIDGET.CPP
C:\WORK\PHOTOVIEWER\PHOTOVIEWER\GENERATEDFILES\DEBUG\MOC_MODEL.CPP
C:\WORK\PHOTOVIEWER\PHOTOVIEWER\GENERATEDFILES\DEBUG\MOC_PHOTOVIEWER.CPP
C:\WORK\PHOTOVIEWER\PHOTOVIEWER\GENERATEDFILES\DEBUG\MOC_PHOTOWIDGET.CPP
C:\WORK\PHOTOVIEWER\PHOTOVIEWER\GENERATEDFILES\QRC_PHOTOVIEWER.CPP
C:\WORK\PHOTOVIEWER\PHOTOVIEWER\GENERATEDFILES\UI_PHOTOVIEWER.H
C:\WORK\PHOTOVIEWER\WIN32\DEBUG\PHOTOVIEWER.EXE
C:\WORK\PHOTOVIEWER\WIN32\DEBUG\PHOTOVIEWER.ILK
C:\WORK\PHOTOVIEWER\WIN32\DEBUG\PHOTOVIEWER.PDB
